<?xml version="1.0" encoding="UTF-8"?>
<testng-results ignored="0" total="0" passed="0" failed="0" skipped="0">
  <reporter-output>
  </reporter-output>
  <suite started-at="2022-01-08T17:24:02 AMT" name="e2e.tests.BaseTest" finished-at="2022-01-08T17:24:02 AMT" duration-ms="8">
    <groups>
    </groups>
    <test started-at="2022-01-08T17:24:02 AMT" name="Command line test" finished-at="2022-01-08T17:24:02 AMT" duration-ms="8">
    </test> <!-- Command line test -->
  </suite> <!-- e2e.tests.BaseTest -->
</testng-results>
