<?xml version="1.0" encoding="UTF-8" ?>
<testsuite tests="5" failures="2" name="TestSuite" time="1.013" errors="0" skipped="3">
  <properties>
[...]
</properties>
  <testcase classname="e2e.TestNGProject" name="invalidLogin" time="0">
    <failure message="expected [true] but found [false]" type="java.lang.AssertionError">java.lang.AssertionError: expected [true] but found [false]
	at org.testng.Assert.fail(Assert.java:99)
	at org.testng.Assert.failNotEquals(Assert.java:1037)
	at org.testng.Assert.assertTrue(Assert.java:45)
	at org.testng.Assert.assertTrue(Assert.java:55)
	at e2e.TestNGProject.invalidLogin(TestNGProject.java:53)
</failure>
    <system-out>Configuring TestNG with: org.apache.maven.surefire.testng.conf.TestNG652Configurator@ea1a8d5
null
2
</system-out>
  </testcase>
  <testcase classname="e2e.TestNGProject" name="afterTest" time="0.499">
    <failure message="TestRail API returned HTTP 400(&quot;Field :run_id is not a valid ID.&quot;)" type="utils.APIException">utils.APIException: TestRail API returned HTTP 400(&quot;Field :run_id is not a valid ID.&quot;)
	at utils.APIClient.sendRequest(APIClient.java:197)
	at utils.APIClient.sendPost(APIClient.java:64)
	at e2e.TestNGProject.afterTest(TestNGProject.java:68)
</failure>
  </testcase>
  <testcase classname="e2e.TestNGProject" name="beforeTest" time="0.514">
    <skipped/>
  </testcase>
  <testcase classname="e2e.TestNGProject" name="validLogin" time="0">
    <skipped/>
  </testcase>
  <testcase classname="e2e.TestNGProject" name="afterTest" time="0">
    <skipped/>
  </testcase>
</testsuite>